<?xml version="1.0" encoding="UTF-8"?>
<testng-results skipped="0" failed="0" ignored="0" total="1" passed="1">
  <reporter-output>
  </reporter-output>
  <suite name="Default suite" duration-ms="44385" started-at="2021-02-20T18:30:45 CET" finished-at="2021-02-20T18:31:29 CET">
    <groups>
    </groups>
    <test name="Default test" duration-ms="44385" started-at="2021-02-20T18:30:45 CET" finished-at="2021-02-20T18:31:29 CET">
      <class name="tests.SortTest">
        <test-method status="PASS" signature="createDriver()[pri:0, instance:tests.SortTest@23faf8f2]" name="createDriver" is-config="true" duration-ms="2571" started-at="2021-02-20T18:30:45 CET" finished-at="2021-02-20T18:30:48 CET">
          <reporter-output>
          </reporter-output>
        </test-method> <!-- createDriver -->
        <test-method status="PASS" signature="testSort()[pri:0, instance:tests.SortTest@23faf8f2]" name="testSort" duration-ms="41778" started-at="2021-02-20T18:30:48 CET" finished-at="2021-02-20T18:31:29 CET">
          <reporter-output>
          </reporter-output>
        </test-method> <!-- testSort -->
      </class> <!-- tests.SortTest -->
    </test> <!-- Default test -->
  </suite> <!-- Default suite -->
</testng-results>
